0 info it worked if it ends with ok
1 verbose cli [ '/usr/local/bin/node', '/usr/local/bin/npm', 'start' ]
2 info using npm@4.0.3
3 info using node@v6.9.1
4 verbose run-script [ 'prestart', 'start', 'poststart' ]
5 info lifecycle atlas_lighting@1.0.1~prestart: atlas_lighting@1.0.1
6 silly lifecycle atlas_lighting@1.0.1~prestart: no script for prestart, continuing
7 info lifecycle atlas_lighting@1.0.1~start: atlas_lighting@1.0.1
8 verbose lifecycle atlas_lighting@1.0.1~start: unsafe-perm in lifecycle true
9 verbose lifecycle atlas_lighting@1.0.1~start: PATH: /usr/local/lib/node_modules/npm/bin/node-gyp-bin:/Users/Kallirroi/Desktop/lightmap_Kalli/atlas-lighting/node_modules/.bin:“/usr/local/bin:/usr/bin:/bin:/usr/sbin:/sbin:/usr/local/git/bin:/usr/local/bin:/usr/local/bin/node:/usr/local/bin/npm”
10 verbose lifecycle atlas_lighting@1.0.1~start: CWD: /Users/Kallirroi/Desktop/lightmap_Kalli/atlas-lighting
11 silly lifecycle atlas_lighting@1.0.1~start: Args: [ '-c', 'node cluster.js' ]
12 silly lifecycle atlas_lighting@1.0.1~start: Returned: code: 1  signal: null
13 info lifecycle atlas_lighting@1.0.1~start: Failed to exec start script
14 verbose stack Error: atlas_lighting@1.0.1 start: `node cluster.js`
14 verbose stack Exit status 1
14 verbose stack     at EventEmitter.<anonymous> (/usr/local/lib/node_modules/npm/lib/utils/lifecycle.js:279:16)
14 verbose stack     at emitTwo (events.js:106:13)
14 verbose stack     at EventEmitter.emit (events.js:191:7)
14 verbose stack     at ChildProcess.<anonymous> (/usr/local/lib/node_modules/npm/lib/utils/spawn.js:40:14)
14 verbose stack     at emitTwo (events.js:106:13)
14 verbose stack     at ChildProcess.emit (events.js:191:7)
14 verbose stack     at maybeClose (internal/child_process.js:877:16)
14 verbose stack     at Process.ChildProcess._handle.onexit (internal/child_process.js:226:5)
15 verbose pkgid atlas_lighting@1.0.1
16 verbose cwd /Users/Kallirroi/Desktop/lightmap_Kalli/atlas-lighting
17 error Darwin 15.6.0
18 error argv "/usr/local/bin/node" "/usr/local/bin/npm" "start"
19 error node v6.9.1
20 error npm  v4.0.3
21 error code ELIFECYCLE
22 error atlas_lighting@1.0.1 start: `node cluster.js`
22 error Exit status 1
23 error Failed at the atlas_lighting@1.0.1 start script 'node cluster.js'.
23 error Make sure you have the latest version of node.js and npm installed.
23 error If you do, this is most likely a problem with the atlas_lighting package,
23 error not with npm itself.
23 error Tell the author that this fails on your system:
23 error     node cluster.js
23 error You can get information on how to open an issue for this project with:
23 error     npm bugs atlas_lighting
23 error Or if that isn't available, you can get their info via:
23 error     npm owner ls atlas_lighting
23 error There is likely additional logging output above.
24 verbose exit [ 1, true ]
